\BOOKMARK [1][-]{section.1}{\376\377\301\034\270\140\000:\000\040\306\104\310\004\325\134\000\040\311\300\302\335\000\040\314\264\254\304\262\224\000\040\254\000\262\245\325\134\254\000}{}% 1
\BOOKMARK [2][-]{subsection.1.1}{\376\377\271\314\273\074\307\130\000\040\307\164\270\140\307\164\000\040\301\044\272\205\325\130\311\300\000\040\272\273\325\130\262\224\000\040\254\203}{section.1}% 2
\BOOKMARK [2][-]{subsection.1.2}{\376\377\310\205\255\120\254\000\000\040\254\026\315\224\254\340\000\040\307\210\262\224\000\040\254\203}{section.1}% 3
\BOOKMARK [2][-]{subsection.1.3}{\376\377\261\174\273\070\307\130\000\040\272\251\324\134\306\100\000\040\255\154\310\160}{section.1}% 4
\BOOKMARK [1][-]{section.2}{\376\377\310\025\262\371\326\124\307\130\000\040\325\134\254\304}{}% 5
\BOOKMARK [2][-]{subsection.2.1}{\376\377\273\214\325\130\306\260\310\040\000\040\322\270\271\264\270\010\271\310}{section.2}% 6
\BOOKMARK [2][-]{subsection.2.2}{\376\377\316\170\322\270\000:\000\040\307\220\305\360\254\374\325\131\000\040\321\240\263\000\307\130\000\040\326\125\271\275\000\040\302\334\263\304}{section.2}% 7
\BOOKMARK [2][-]{subsection.2.3}{\376\377\254\001\000\040\311\300\302\335\000\040\314\264\254\304\307\130\000\040\263\000\307\121}{section.2}% 8
\BOOKMARK [2][-]{subsection.2.4}{\376\377\260\250\307\100\000\040\311\310\273\070}{section.2}% 9
\BOOKMARK [1][-]{section.3}{\376\377\307\220\256\060\263\304\315\234\000:\000\040\311\000\000-\310\025\262\371\326\124\307\130\000\040\255\154\310\160}{}% 10
\BOOKMARK [2][-]{subsection.3.1}{\376\377\254\035\255\000\310\001\000\040\310\374\255\000\301\061\000:\000\040\000M\000s\000u\000b\000j\000e\000c\000t\306\100\000\040\000M\000o\000b\000j\000e\000c\000t}{section.3}% 11
\BOOKMARK [2][-]{subsection.3.2}{\376\377\307\220\256\060\263\304\315\234\307\130\000\040\310\025\307\130}{section.3}% 12
\BOOKMARK [2][-]{subsection.3.3}{\376\377\310\034\0004\307\130\000\040\306\065\301\130}{section.3}% 13
\BOOKMARK [2][-]{subsection.3.4}{\376\377\311\000\000-\310\025\262\371\326\124\270\134\301\034\307\130\000\040\307\220\256\060\263\304\315\234}{section.3}% 14
\BOOKMARK [2][-]{subsection.3.5}{\376\377\307\040\300\254\000\040\254\034\261\120\254\374\307\130\000\040\255\154\275\204}{section.3}% 15
\BOOKMARK [3][-]{subsubsection.3.5.1}{\376\377\307\220\256\060\274\365\310\034\000:\000\040\310\164\307\254\305\320\301\034\000\040\310\164\307\254\270\134}{subsection.3.5}% 16
\BOOKMARK [3][-]{subsubsection.3.5.2}{\376\377\307\220\256\060\314\070\310\160\000:\000\040\260\264\306\251\305\320\301\034\000\040\260\264\306\251\307\074\270\134}{subsection.3.5}% 17
\BOOKMARK [3][-]{subsubsection.3.5.3}{\376\377\317\160\307\170\000\040\325\004\270\134\255\370\267\250\000:\000\040\260\264\306\251\305\320\301\034\000\040\260\264\306\251\307\074\270\134\000\040\000\050\307\170\254\374\310\001\000\051}{subsection.3.5}% 18
\BOOKMARK [3][-]{subsubsection.3.5.4}{\376\377\302\034\326\130\261\174\311\235\000:\000\040\260\264\306\251\305\320\301\034\000\040\260\264\306\251\307\074\270\134\000,\000\040\254\275\307\040}{subsection.3.5}% 19
\BOOKMARK [3][-]{subsubsection.3.5.5}{\376\377\307\220\256\060\306\010\305\270\000:\000\040\260\264\306\251\305\320\301\034\000\040\310\164\307\254\270\134\000,\000\040\262\344\302\334\000\040\260\264\306\251\307\074\270\134}{subsection.3.5}% 20
\BOOKMARK [3][-]{subsubsection.3.5.6}{\376\377\305\354\301\057\000\040\254\034\261\120\307\130\000\040\276\104\255\120}{subsection.3.5}% 21
\BOOKMARK [1][-]{section.4}{\376\377\310\205\255\120\000:\000\040\307\220\256\060\263\304\315\234\307\130\000\040\300\254\270\100}{}% 22
\BOOKMARK [2][-]{subsection.4.1}{\376\377\307\220\256\060\263\304\315\234\307\130\000\040\256\060\274\370\000\040\255\154\310\160}{section.4}% 23
\BOOKMARK [2][-]{subsection.4.2}{\376\377\321\115\302\244\322\270\000\040\310\010\263\000\301\061\307\130\000\040\302\244\323\231\322\270\267\374}{section.4}% 24
\BOOKMARK [2][-]{subsection.4.3}{\376\377\306\010\316\041\000:\000\040\321\115\302\244\322\270\000\040\310\010\263\000\301\061\254\374\000\040\326\125\302\340\307\130\000\040\254\025\263\304}{section.4}% 25
\BOOKMARK [2][-]{subsection.4.4}{\376\377\255\371\262\350\310\001\000\040\300\254\270\100\000:\000\040\300\254\307\164\276\104\000\040\310\205\255\120\307\130\000\040\274\321\271\254\310\001\000\040\307\220\256\060\263\304\315\234}{section.4}% 26
\BOOKMARK [2][-]{subsection.4.5}{\376\377\326\125\302\344\301\061\307\130\000\040\310\004\307\164\000:\000\040\310\205\255\120\310\001\000\040\326\125\302\340\307\130\000\040\272\124\316\344\262\310\311\230}{section.4}% 27
\BOOKMARK [1][-]{section.5}{\376\377\254\374\325\131\000:\000\040\307\220\256\060\263\304\315\234\307\130\000\040\275\200\307\254}{}% 28
\BOOKMARK [2][-]{subsection.5.1}{\376\377\254\374\325\131\307\100\000\040\306\134\000\040\307\220\256\060\263\304\315\234\307\164\000\040\305\306\262\224\254\000}{section.5}% 29
\BOOKMARK [2][-]{subsection.5.2}{\376\377\254\260\325\150\307\170\254\000\000\040\310\004\267\265\307\170\254\000}{section.5}% 30
\BOOKMARK [2][-]{subsection.5.3}{\376\377\265\034\270\010\271\310\307\130\000\040\274\034\254\254}{section.5}% 31
\BOOKMARK [1][-]{section.6}{\376\377\265\034\270\010\271\310\000\040\325\164\254\260\000\040\302\334\263\304\000:\000\040\000M\000u\000n\000i\000f\000i\000e\000d}{}% 32
\BOOKMARK [2][-]{subsection.6.1}{\376\377\310\205\255\120\310\001\000\040\261\174\311\235\307\130\000\040\326\025\302\335\000\040\315\224\315\234}{section.6}% 33
\BOOKMARK [2][-]{subsection.6.2}{\376\377\000M\000u\000n\000i\000f\000i\000e\000d\307\130\000\040\310\004\267\265}{section.6}% 34
\BOOKMARK [2][-]{subsection.6.3}{\376\377\000M\000u\000n\000i\000f\000i\000e\000d\307\130\000\040\310\160\254\164\000:\000\040\264\120\000\040\254\000\311\300\000\040\254\340\310\025\310\020}{section.6}% 35
\BOOKMARK [2][-]{subsection.6.4}{\376\377\254\304\316\065\000\040\272\250\263\170\000:\000\040\000M\000u\000n\000i\000f\000i\000e\000d\307\130\000\040\255\154\310\160}{section.6}% 36
\BOOKMARK [2][-]{subsection.6.5}{\376\377\307\164\254\203\307\100\000\040\314\240\325\131\310\001\000\040\310\025\262\371\326\124\254\000\000\040\305\104\262\310\262\344}{section.6}% 37
\BOOKMARK [1][-]{section.7}{\376\377\322\270\271\264\270\010\271\310\270\134\307\130\000\040\326\125\307\245}{}% 38
\BOOKMARK [2][-]{subsection.7.1}{\376\377\264\120\000\040\310\004\267\265}{section.7}% 39
\BOOKMARK [2][-]{subsection.7.2}{\376\377\310\004\267\265\000\040\0001\000:\000\040\323\354\307\170\321\060\271\314\000\040\307\040\311\300}{section.7}% 40
\BOOKMARK [2][-]{subsection.7.3}{\376\377\310\004\267\265\000\040\0002\000:\000\040\260\264\306\251\000\040\314\104\306\260\256\060}{section.7}% 41
\BOOKMARK [2][-]{subsection.7.4}{\376\377\322\270\271\264\270\010\271\310\307\130\000\040\310\025\302\335\326\124}{section.7}% 42
\BOOKMARK [2][-]{subsection.7.5}{\376\377\322\270\271\264\270\010\271\310\000\040\254\365\254\004\305\320\301\034\307\130\000\040\307\004\316\130}{section.7}% 43
\BOOKMARK [2][-]{subsection.7.6}{\376\377\306\104\274\275\325\134\000\040\321\240\263\000\262\224\000\040\305\306\262\344}{section.7}% 44
\BOOKMARK [1][-]{section.8}{\376\377\261\174\307\130}{}% 45
\BOOKMARK [2][-]{subsection.8.1}{\376\377\310\025\274\364\000\040\263\331\305\355\325\131\000:\000\040\271\314\273\074\307\130\000\040\307\164\270\140\307\104\000\040\325\245\325\134\000\040\274\051\325\245}{section.8}% 46
\BOOKMARK [2][-]{subsection.8.2}{\376\377\301\040\270\100\270\134\301\034\307\130\000\040\323\050\267\354\262\344\307\204\270\140}{section.8}% 47
\BOOKMARK [2][-]{subsection.8.3}{\376\377\275\200\322\270\302\244\322\270\267\251\000:\000\040\307\164\273\370\000\040\307\221\263\331\325\130\262\224\000\040\307\220\256\060\263\304\315\234\000\040\255\154\310\160}{section.8}% 48
\BOOKMARK [2][-]{subsection.8.4}{\376\377\325\134\254\304}{section.8}% 49
\BOOKMARK [2][-]{subsection.8.5}{\376\377\326\304\301\215\000\040\305\360\255\154\000\040\274\051\325\245}{section.8}% 50
\BOOKMARK [1][-]{section.9}{\376\377\254\260\270\140}{}% 51
\BOOKMARK [2][-]{subsection.9.1}{\376\377\306\224\305\175}{section.9}% 52
\BOOKMARK [2][-]{subsection.9.2}{\376\377\256\060\305\354}{section.9}% 53
\BOOKMARK [2][-]{subsection.9.3}{\376\377\310\004\271\335}{section.9}% 54
