This is pdfTeX, Version 3.141592653-2.6-1.40.28 (TeX Live 2025) (preloaded format=pdflatex 2025.11.28)  19 DEC 2025 11:56
entering extended mode
 restricted \write18 enabled.
 file:line:error style messages enabled.
 %&-line parsing enabled.
**"·Ñå·Ö°·ÑÄ·Öµ·ÑÉ·Ö©·Ñé·ÖÆ·ÜØ·Ñã·Ö¥ ·Ñê·Ö≥·ÑÖ·Öµ·ÜØ·ÑÖ·Ö¶·ÑÜ·Ö°.tex"
(./·Ñå·Ö°·ÑÄ·Öµ·ÑÉ·Ö©·Ñé·ÖÆ·ÜØ·Ñã·Ö¥ ·Ñê·Ö≥·ÑÖ·Öµ·ÜØ·ÑÖ·Ö¶·ÑÜ·Ö°.tex
LaTeX2e <2025-11-01>
L3 programming layer <2025-11-14>
(/usr/local/texlive/2025/texmf-dist/tex/latex/base/article.cls
Document Class: article 2025/01/22 v1.4n Standard LaTeX document class
(/usr/local/texlive/2025/texmf-dist/tex/latex/base/size12.clo
File: size12.clo 2025/01/22 v1.4n Standard LaTeX file (size option)
)
\c@part=\count275
\c@section=\count276
\c@subsection=\count277
\c@subsubsection=\count278
\c@paragraph=\count279
\c@subparagraph=\count280
\c@figure=\count281
\c@table=\count282
\abovecaptionskip=\skip49
\belowcaptionskip=\skip50
\bibindent=\dimen148
)
(/usr/local/texlive/2025/texmf-dist/tex/latex/base/inputenc.sty
Package: inputenc 2024/02/08 v1.3d Input encoding file
\inpenc@prehook=\toks17
\inpenc@posthook=\toks18
)
(/usr/local/texlive/2025/texmf-dist/tex/latex/base/fontenc.sty
Package: fontenc 2025/07/18 v2.1d Standard LaTeX package
)
(/usr/local/texlive/2025/texmf-dist/tex/latex/cjk-ko/kotex.sty
Package: kotex 2015/04/19 v1.6 Korean TeX (ko.TeX)

(/usr/local/texlive/2025/texmf-dist/tex/latex/kotex-utf/kotex.cfg)
(/usr/local/texlive/2025/texmf-dist/tex/latex/kotex-utf/kotexutf.sty
Package: kotexutf 2022/06/22 v3.0.0 typesetting UTF-8 Korean documents

(/usr/local/texlive/2025/texmf-dist/tex/plain/kotex-plain/kotexutf-core.tex
\unih@ngulpoint=\count283
\dhucs@emph@raise=\dimen149
)
Now handling font encoding LUC ...
... processing UTF-8 mapping file for font encoding LUC

(/usr/local/texlive/2025/texmf-dist/tex/latex/kotex-utf/lucenc.dfu
File: lucenc.dfu 2007/09/05 UTF-8 support for dhucs
   defining Unicode char U+00B7 (decimal 183)
   defining Unicode char U+2018 (decimal 8216)
   defining Unicode char U+2019 (decimal 8217)
   defining Unicode char U+201C (decimal 8220)
   defining Unicode char U+201D (decimal 8221)
   defining Unicode char U+3001 (decimal 12289)
   defining Unicode char U+3002 (decimal 12290)
   defining Unicode char U+3008 (decimal 12296)
   defining Unicode char U+3009 (decimal 12297)
   defining Unicode char U+300A (decimal 12298)
   defining Unicode char U+300B (decimal 12299)
   defining Unicode char U+300C (decimal 12300)
   defining Unicode char U+300D (decimal 12301)
   defining Unicode char U+300E (decimal 12302)
   defining Unicode char U+300F (decimal 12303)
   defining Unicode char U+3010 (decimal 12304)
   defining Unicode char U+3011 (decimal 12305)
   defining Unicode char U+3014 (decimal 12308)
   defining Unicode char U+3015 (decimal 12309)
   defining Unicode char U+3016 (decimal 12310)
   defining Unicode char U+3017 (decimal 12311)
   defining Unicode char U+3018 (decimal 12312)
   defining Unicode char U+3019 (decimal 12313)
   defining Unicode char U+301A (decimal 12314)
   defining Unicode char U+301B (decimal 12315)
   defining Unicode char U+FF01 (decimal 65281)
   defining Unicode char U+FF08 (decimal 65288)
   defining Unicode char U+FF09 (decimal 65289)
   defining Unicode char U+FF0C (decimal 65292)
   defining Unicode char U+FF0E (decimal 65294)
   defining Unicode char U+FF1A (decimal 65306)
   defining Unicode char U+FF1B (decimal 65307)
   defining Unicode char U+FF1C (decimal 65308)
   defining Unicode char U+FF1D (decimal 65309)
   defining Unicode char U+FF1E (decimal 65310)
   defining Unicode char U+FF1F (decimal 65311)
   defining Unicode char U+FF3B (decimal 65339)
   defining Unicode char U+FF3D (decimal 65341)
   defining Unicode char U+FF5B (decimal 65371)
   defining Unicode char U+FF5D (decimal 65373)
   defining Unicode char U+FF61 (decimal 65377)
   defining Unicode char U+FF62 (decimal 65378)
   defining Unicode char U+FF63 (decimal 65379)
   defining Unicode char U+FF64 (decimal 65380)
   defining Unicode char U+FF65 (decimal 65381)
)
\@josa=\count284
\josatoks=\toks19

(/usr/local/texlive/2025/texmf-dist/tex/latex/cjk-ko/kolabels-utf.sty
Package: kolabels-utf 2015/03/20 v1.5 UTF-8 Hangul item labels
)))
(/usr/local/texlive/2025/texmf-dist/tex/latex/amsmath/amsmath.sty
Package: amsmath 2025/07/09 v2.17z AMS math features
\@mathmargin=\skip51

For additional information on amsmath, use the `?' option.
(/usr/local/texlive/2025/texmf-dist/tex/latex/amsmath/amstext.sty
Package: amstext 2024/11/17 v2.01 AMS text

(/usr/local/texlive/2025/texmf-dist/tex/latex/amsmath/amsgen.sty
File: amsgen.sty 1999/11/30 v2.0 generic functions
\@emptytoks=\toks20
\ex@=\dimen150
))
(/usr/local/texlive/2025/texmf-dist/tex/latex/amsmath/amsbsy.sty
Package: amsbsy 1999/11/29 v1.2d Bold Symbols
\pmbraise@=\dimen151
)
(/usr/local/texlive/2025/texmf-dist/tex/latex/amsmath/amsopn.sty
Package: amsopn 2022/04/08 v2.04 operator names
)
\inf@bad=\count285
LaTeX Info: Redefining \frac on input line 233.
\uproot@=\count286
\leftroot@=\count287
LaTeX Info: Redefining \overline on input line 398.
LaTeX Info: Redefining \colon on input line 409.
\classnum@=\count288
\DOTSCASE@=\count289
LaTeX Info: Redefining \ldots on input line 495.
LaTeX Info: Redefining \dots on input line 498.
LaTeX Info: Redefining \cdots on input line 619.
\Mathstrutbox@=\box53
\strutbox@=\box54
LaTeX Info: Redefining \big on input line 721.
LaTeX Info: Redefining \Big on input line 722.
LaTeX Info: Redefining \bigg on input line 723.
LaTeX Info: Redefining \Bigg on input line 724.
\big@size=\dimen152
LaTeX Font Info:    Redeclaring font encoding OML on input line 742.
LaTeX Font Info:    Redeclaring font encoding OMS on input line 743.
\macc@depth=\count290
LaTeX Info: Redefining \bmod on input line 904.
LaTeX Info: Redefining \pmod on input line 909.
LaTeX Info: Redefining \smash on input line 939.
LaTeX Info: Redefining \relbar on input line 969.
LaTeX Info: Redefining \Relbar on input line 970.
\c@MaxMatrixCols=\count291
\dotsspace@=\muskip17
\c@parentequation=\count292
\dspbrk@lvl=\count293
\tag@help=\toks21
\row@=\count294
\column@=\count295
\maxfields@=\count296
\andhelp@=\toks22
\eqnshift@=\dimen153
\alignsep@=\dimen154
\tagshift@=\dimen155
\tagwidth@=\dimen156
\totwidth@=\dimen157
\lineht@=\dimen158
\@envbody=\toks23
\multlinegap=\skip52
\multlinetaggap=\skip53
\mathdisplay@stack=\toks24
LaTeX Info: Redefining \[ on input line 2950.
LaTeX Info: Redefining \] on input line 2951.
)
(/usr/local/texlive/2025/texmf-dist/tex/latex/amsfonts/amssymb.sty
Package: amssymb 2013/01/14 v3.01 AMS font symbols

(/usr/local/texlive/2025/texmf-dist/tex/latex/amsfonts/amsfonts.sty
Package: amsfonts 2013/01/14 v3.01 Basic AMSFonts support
\symAMSa=\mathgroup4
\symAMSb=\mathgroup5
LaTeX Font Info:    Redeclaring math symbol \hbar on input line 98.
LaTeX Font Info:    Overwriting math alphabet `\mathfrak' in version `bold'
(Font)                  U/euf/m/n --> U/euf/b/n on input line 106.
))
(/usr/local/texlive/2025/texmf-dist/tex/latex/amscls/amsthm.sty
Package: amsthm 2020/05/29 v2.20.6
\thm@style=\toks25
\thm@bodyfont=\toks26
\thm@headfont=\toks27
\thm@notefont=\toks28
\thm@headpunct=\toks29
\thm@preskip=\skip54
\thm@postskip=\skip55
\thm@headsep=\skip56
\dth@everypar=\toks30
)
(/usr/local/texlive/2025/texmf-dist/tex/latex/geometry/geometry.sty
Package: geometry 2020/01/02 v5.9 Page Geometry

(/usr/local/texlive/2025/texmf-dist/tex/latex/graphics/keyval.sty
Package: keyval 2022/05/29 v1.15 key=value parser (DPC)
\KV@toks@=\toks31
)
(/usr/local/texlive/2025/texmf-dist/tex/generic/iftex/ifvtex.sty
Package: ifvtex 2019/10/25 v1.7 ifvtex legacy package. Use iftex instead.

(/usr/local/texlive/2025/texmf-dist/tex/generic/iftex/iftex.sty
Package: iftex 2024/12/12 v1.0g TeX engine tests
))
\Gm@cnth=\count297
\Gm@cntv=\count298
\c@Gm@tempcnt=\count299
\Gm@bindingoffset=\dimen159
\Gm@wd@mp=\dimen160
\Gm@odd@mp=\dimen161
\Gm@even@mp=\dimen162
\Gm@layoutwidth=\dimen163
\Gm@layoutheight=\dimen164
\Gm@layouthoffset=\dimen165
\Gm@layoutvoffset=\dimen166
\Gm@dimlist=\toks32
)
(/usr/local/texlive/2025/texmf-dist/tex/latex/setspace/setspace.sty
Package: setspace 2022/12/04 v6.7b set line spacing
)
(/usr/local/texlive/2025/texmf-dist/tex/latex/titlesec/titlesec.sty
Package: titlesec 2025/01/04 v2.17 Sectioning titles
\ttl@box=\box55
\beforetitleunit=\skip57
\aftertitleunit=\skip58
\ttl@plus=\dimen167
\ttl@minus=\dimen168
\ttl@toksa=\toks33
\titlewidth=\dimen169
\titlewidthlast=\dimen170
\titlewidthfirst=\dimen171
)
(/usr/local/texlive/2025/texmf-dist/tex/latex/xcolor/xcolor.sty
Package: xcolor 2024/09/29 v3.02 LaTeX color extensions (UK)

(/usr/local/texlive/2025/texmf-dist/tex/latex/graphics-cfg/color.cfg
File: color.cfg 2016/01/02 v1.6 sample color configuration
)
Package xcolor Info: Driver file: pdftex.def on input line 274.

(/usr/local/texlive/2025/texmf-dist/tex/latex/graphics-def/pdftex.def
File: pdftex.def 2025/09/29 v1.2d Graphics/color driver for pdftex
)
(/usr/local/texlive/2025/texmf-dist/tex/latex/graphics/mathcolor.ltx)
Package xcolor Info: Model `cmy' substituted by `cmy0' on input line 1349.
Package xcolor Info: Model `hsb' substituted by `rgb' on input line 1353.
Package xcolor Info: Model `RGB' extended on input line 1365.
Package xcolor Info: Model `HTML' substituted by `rgb' on input line 1367.
Package xcolor Info: Model `Hsb' substituted by `hsb' on input line 1368.
Package xcolor Info: Model `tHsb' substituted by `hsb' on input line 1369.
Package xcolor Info: Model `HSB' substituted by `hsb' on input line 1370.
Package xcolor Info: Model `Gray' substituted by `gray' on input line 1371.
Package xcolor Info: Model `wave' substituted by `hsb' on input line 1372.
)
(/usr/local/texlive/2025/texmf-dist/tex/latex/graphics/dvipsnam.def
File: dvipsnam.def 2016/06/17 v3.0m Driver-dependent file (DPC,SPQR)
)
(/usr/local/texlive/2025/texmf-dist/tex/latex/hyperref/hyperref.sty
Package: hyperref 2025-07-12 v7.01o Hypertext links for LaTeX

(/usr/local/texlive/2025/texmf-dist/tex/latex/kvsetkeys/kvsetkeys.sty
Package: kvsetkeys 2022-10-05 v1.19 Key value parser (HO)
)
(/usr/local/texlive/2025/texmf-dist/tex/generic/kvdefinekeys/kvdefinekeys.sty
Package: kvdefinekeys 2019-12-19 v1.6 Define keys (HO)
)
(/usr/local/texlive/2025/texmf-dist/tex/generic/pdfescape/pdfescape.sty
Package: pdfescape 2019/12/09 v1.15 Implements pdfTeX's escape features (HO)

(/usr/local/texlive/2025/texmf-dist/tex/generic/ltxcmds/ltxcmds.sty
Package: ltxcmds 2023-12-04 v1.26 LaTeX kernel commands for general use (HO)
)
(/usr/local/texlive/2025/texmf-dist/tex/generic/pdftexcmds/pdftexcmds.sty
Package: pdftexcmds 2020-06-27 v0.33 Utility functions of pdfTeX for LuaTeX (HO
)

(/usr/local/texlive/2025/texmf-dist/tex/generic/infwarerr/infwarerr.sty
Package: infwarerr 2019/12/03 v1.5 Providing info/warning/error messages (HO)
)
Package pdftexcmds Info: \pdf@primitive is available.
Package pdftexcmds Info: \pdf@ifprimitive is available.
Package pdftexcmds Info: \pdfdraftmode found.
))
(/usr/local/texlive/2025/texmf-dist/tex/latex/hycolor/hycolor.sty
Package: hycolor 2020-01-27 v1.10 Color options for hyperref/bookmark (HO)
)
(/usr/local/texlive/2025/texmf-dist/tex/latex/hyperref/nameref.sty
Package: nameref 2025-06-21 v2.57 Cross-referencing by name of section

(/usr/local/texlive/2025/texmf-dist/tex/latex/refcount/refcount.sty
Package: refcount 2019/12/15 v3.6 Data extraction from label references (HO)
)
(/usr/local/texlive/2025/texmf-dist/tex/generic/gettitlestring/gettitlestring.s
ty
Package: gettitlestring 2019/12/15 v1.6 Cleanup title references (HO)
 (/usr/local/texlive/2025/texmf-dist/tex/latex/kvoptions/kvoptions.sty
Package: kvoptions 2022-06-15 v3.15 Key value format for package options (HO)
))
\c@section@level=\count300
)
(/usr/local/texlive/2025/texmf-dist/tex/latex/etoolbox/etoolbox.sty
Package: etoolbox 2025/10/02 v2.5m e-TeX tools for LaTeX (JAW)
\etb@tempcnta=\count301
)
(/usr/local/texlive/2025/texmf-dist/tex/generic/stringenc/stringenc.sty
Package: stringenc 2019/11/29 v1.12 Convert strings between diff. encodings (HO
)
)
\@linkdim=\dimen172
\Hy@linkcounter=\count302
\Hy@pagecounter=\count303

(/usr/local/texlive/2025/texmf-dist/tex/latex/hyperref/pd1enc.def
File: pd1enc.def 2025-07-12 v7.01o Hyperref: PDFDocEncoding definition (HO)
Now handling font encoding PD1 ...
... no UTF-8 mapping file for font encoding PD1
)
(/usr/local/texlive/2025/texmf-dist/tex/generic/intcalc/intcalc.sty
Package: intcalc 2019/12/15 v1.3 Expandable calculations with integers (HO)
)
\Hy@SavedSpaceFactor=\count304

(/usr/local/texlive/2025/texmf-dist/tex/latex/hyperref/puenc.def
File: puenc.def 2025-07-12 v7.01o Hyperref: PDF Unicode definition (HO)
Now handling font encoding PU ...
... no UTF-8 mapping file for font encoding PU
)
Package hyperref Info: Hyper figures OFF on input line 4195.
Package hyperref Info: Link nesting OFF on input line 4200.
Package hyperref Info: Hyper index ON on input line 4203.
Package hyperref Info: Plain pages OFF on input line 4210.
Package hyperref Info: Backreferencing OFF on input line 4215.
Package hyperref Info: Implicit mode ON; LaTeX internals redefined.
Package hyperref Info: Bookmarks ON on input line 4462.
\c@Hy@tempcnt=\count305

(/usr/local/texlive/2025/texmf-dist/tex/latex/url/url.sty
\Urlmuskip=\muskip18
Package: url 2013/09/16  ver 3.4  Verb mode for urls, etc.
)
LaTeX Info: Redefining \url on input line 4801.
\XeTeXLinkMargin=\dimen173

(/usr/local/texlive/2025/texmf-dist/tex/generic/bitset/bitset.sty
Package: bitset 2019/12/09 v1.3 Handle bit-vector datatype (HO)

(/usr/local/texlive/2025/texmf-dist/tex/generic/bigintcalc/bigintcalc.sty
Package: bigintcalc 2019/12/15 v1.5 Expandable calculations on big integers (HO
)
))
\Fld@menulength=\count306
\Field@Width=\dimen174
\Fld@charsize=\dimen175
Package hyperref Info: Hyper figures OFF on input line 6078.
Package hyperref Info: Link nesting OFF on input line 6083.
Package hyperref Info: Hyper index ON on input line 6086.
Package hyperref Info: backreferencing OFF on input line 6093.
Package hyperref Info: Link coloring OFF on input line 6098.
Package hyperref Info: Link coloring with OCG OFF on input line 6103.
Package hyperref Info: PDF/A mode OFF on input line 6108.
\Hy@abspage=\count307
\c@Item=\count308
\c@Hfootnote=\count309
)
Package hyperref Info: Driver (autodetected): hpdftex.

(/usr/local/texlive/2025/texmf-dist/tex/latex/hyperref/hpdftex.def
File: hpdftex.def 2025-07-12 v7.01o Hyperref driver for pdfTeX
\Fld@listcount=\count310
\c@bookmark@seq@number=\count311

(/usr/local/texlive/2025/texmf-dist/tex/latex/rerunfilecheck/rerunfilecheck.sty
Package: rerunfilecheck 2025-06-21 v1.11 Rerun checks for auxiliary files (HO)

(/usr/local/texlive/2025/texmf-dist/tex/generic/uniquecounter/uniquecounter.sty
Package: uniquecounter 2019/12/15 v1.4 Provide unlimited unique counter (HO)
)
Package uniquecounter Info: New unique counter `rerunfilecheck' on input line 2
84.
)
\Hy@SectionHShift=\skip59
) (/usr/local/texlive/2025/texmf-dist/tex/latex/graphics/graphicx.sty
Package: graphicx 2024/12/31 v1.2e Enhanced LaTeX Graphics (DPC,SPQR)

(/usr/local/texlive/2025/texmf-dist/tex/latex/graphics/graphics.sty
Package: graphics 2024/08/06 v1.4g Standard LaTeX Graphics (DPC,SPQR)

(/usr/local/texlive/2025/texmf-dist/tex/latex/graphics/trig.sty
Package: trig 2023/12/02 v1.11 sin cos tan (DPC)
)
(/usr/local/texlive/2025/texmf-dist/tex/latex/graphics-cfg/graphics.cfg
File: graphics.cfg 2016/06/04 v1.11 sample graphics configuration
)
Package graphics Info: Driver file: pdftex.def on input line 106.
)
\Gin@req@height=\dimen176
\Gin@req@width=\dimen177
)
(/usr/local/texlive/2025/texmf-dist/tex/latex/booktabs/booktabs.sty
Package: booktabs 2020/01/12 v1.61803398 Publication quality tables
\heavyrulewidth=\dimen178
\lightrulewidth=\dimen179
\cmidrulewidth=\dimen180
\belowrulesep=\dimen181
\belowbottomsep=\dimen182
\aboverulesep=\dimen183
\abovetopsep=\dimen184
\cmidrulesep=\dimen185
\cmidrulekern=\dimen186
\defaultaddspace=\dimen187
\@cmidla=\count312
\@cmidlb=\count313
\@aboverulesep=\dimen188
\@belowrulesep=\dimen189
\@thisruleclass=\count314
\@lastruleclass=\count315
\@thisrulewidth=\dimen190
)
(/usr/local/texlive/2025/texmf-dist/tex/latex/tools/array.sty
Package: array 2025/09/25 v2.6n Tabular extension package (FMi)
\col@sep=\dimen191
\ar@mcellbox=\box56
\extrarowheight=\dimen192
\NC@list=\toks34
\extratabsurround=\skip60
\backup@length=\skip61
\ar@cellbox=\box57
)
(/usr/local/texlive/2025/texmf-dist/tex/latex/pgf/frontendlayer/tikz.sty
(/usr/local/texlive/2025/texmf-dist/tex/latex/pgf/basiclayer/pgf.sty
(/usr/local/texlive/2025/texmf-dist/tex/latex/pgf/utilities/pgfrcs.sty
(/usr/local/texlive/2025/texmf-dist/tex/generic/pgf/utilities/pgfutil-common.te
x
\pgfutil@everybye=\toks35
\pgfutil@tempdima=\dimen193
\pgfutil@tempdimb=\dimen194
)
(/usr/local/texlive/2025/texmf-dist/tex/generic/pgf/utilities/pgfutil-latex.def
\pgfutil@abb=\box58
) (/usr/local/texlive/2025/texmf-dist/tex/generic/pgf/utilities/pgfrcs.code.tex
(/usr/local/texlive/2025/texmf-dist/tex/generic/pgf/pgf.revision.tex)
Package: pgfrcs 2025-08-29 v3.1.11a (3.1.11a)
))
Package: pgf 2025-08-29 v3.1.11a (3.1.11a)

(/usr/local/texlive/2025/texmf-dist/tex/latex/pgf/basiclayer/pgfcore.sty
(/usr/local/texlive/2025/texmf-dist/tex/latex/pgf/systemlayer/pgfsys.sty
(/usr/local/texlive/2025/texmf-dist/tex/generic/pgf/systemlayer/pgfsys.code.tex
Package: pgfsys 2025-08-29 v3.1.11a (3.1.11a)
(/usr/local/texlive/2025/texmf-dist/tex/generic/pgf/utilities/pgfkeys.code.tex
\pgfkeys@pathtoks=\toks36
\pgfkeys@temptoks=\toks37

(/usr/local/texlive/2025/texmf-dist/tex/generic/pgf/utilities/pgfkeyslibraryfil
tered.code.tex
\pgfkeys@tmptoks=\toks38
))
\pgf@x=\dimen195
\pgf@y=\dimen196
\pgf@xa=\dimen197
\pgf@ya=\dimen198
\pgf@xb=\dimen199
\pgf@yb=\dimen256
\pgf@xc=\dimen257
\pgf@yc=\dimen258
\pgf@xd=\dimen259
\pgf@yd=\dimen260
\w@pgf@writea=\write3
\r@pgf@reada=\read2
\c@pgf@counta=\count316
\c@pgf@countb=\count317
\c@pgf@countc=\count318
\c@pgf@countd=\count319
\t@pgf@toka=\toks39
\t@pgf@tokb=\toks40
\t@pgf@tokc=\toks41
\pgf@sys@id@count=\count320

(/usr/local/texlive/2025/texmf-dist/tex/generic/pgf/systemlayer/pgf.cfg
File: pgf.cfg 2025-08-29 v3.1.11a (3.1.11a)
)
Driver file for pgf: pgfsys-pdftex.def

(/usr/local/texlive/2025/texmf-dist/tex/generic/pgf/systemlayer/pgfsys-pdftex.d
ef
File: pgfsys-pdftex.def 2025-08-29 v3.1.11a (3.1.11a)

(/usr/local/texlive/2025/texmf-dist/tex/generic/pgf/systemlayer/pgfsys-common-p
df.def
File: pgfsys-common-pdf.def 2025-08-29 v3.1.11a (3.1.11a)
)))
(/usr/local/texlive/2025/texmf-dist/tex/generic/pgf/systemlayer/pgfsyssoftpath.
code.tex
File: pgfsyssoftpath.code.tex 2025-08-29 v3.1.11a (3.1.11a)
\pgfsyssoftpath@smallbuffer@items=\count321
\pgfsyssoftpath@bigbuffer@items=\count322
)
(/usr/local/texlive/2025/texmf-dist/tex/generic/pgf/systemlayer/pgfsysprotocol.
code.tex
File: pgfsysprotocol.code.tex 2025-08-29 v3.1.11a (3.1.11a)
))
(/usr/local/texlive/2025/texmf-dist/tex/generic/pgf/basiclayer/pgfcore.code.tex
Package: pgfcore 2025-08-29 v3.1.11a (3.1.11a)
(/usr/local/texlive/2025/texmf-dist/tex/generic/pgf/math/pgfmath.code.tex
(/usr/local/texlive/2025/texmf-dist/tex/generic/pgf/math/pgfmathutil.code.tex)
(/usr/local/texlive/2025/texmf-dist/tex/generic/pgf/math/pgfmathparser.code.tex
\pgfmath@dimen=\dimen261
\pgfmath@count=\count323
\pgfmath@box=\box59
\pgfmath@toks=\toks42
\pgfmath@stack@operand=\toks43
\pgfmath@stack@operation=\toks44
)
(/usr/local/texlive/2025/texmf-dist/tex/generic/pgf/math/pgfmathfunctions.code.
tex)
(/usr/local/texlive/2025/texmf-dist/tex/generic/pgf/math/pgfmathfunctions.basic
.code.tex)
(/usr/local/texlive/2025/texmf-dist/tex/generic/pgf/math/pgfmathfunctions.trigo
nometric.code.tex)
(/usr/local/texlive/2025/texmf-dist/tex/generic/pgf/math/pgfmathfunctions.rando
m.code.tex)
(/usr/local/texlive/2025/texmf-dist/tex/generic/pgf/math/pgfmathfunctions.compa
rison.code.tex)
(/usr/local/texlive/2025/texmf-dist/tex/generic/pgf/math/pgfmathfunctions.base.
code.tex)
(/usr/local/texlive/2025/texmf-dist/tex/generic/pgf/math/pgfmathfunctions.round
.code.tex)
(/usr/local/texlive/2025/texmf-dist/tex/generic/pgf/math/pgfmathfunctions.misc.
code.tex)
(/usr/local/texlive/2025/texmf-dist/tex/generic/pgf/math/pgfmathfunctions.integ
erarithmetics.code.tex)
(/usr/local/texlive/2025/texmf-dist/tex/generic/pgf/math/pgfmathcalc.code.tex)
(/usr/local/texlive/2025/texmf-dist/tex/generic/pgf/math/pgfmathfloat.code.tex
\c@pgfmathroundto@lastzeros=\count324
)) (/usr/local/texlive/2025/texmf-dist/tex/generic/pgf/math/pgfint.code.tex)
(/usr/local/texlive/2025/texmf-dist/tex/generic/pgf/basiclayer/pgfcorepoints.co
de.tex
File: pgfcorepoints.code.tex 2025-08-29 v3.1.11a (3.1.11a)
\pgf@picminx=\dimen262
\pgf@picmaxx=\dimen263
\pgf@picminy=\dimen264
\pgf@picmaxy=\dimen265
\pgf@pathminx=\dimen266
\pgf@pathmaxx=\dimen267
\pgf@pathminy=\dimen268
\pgf@pathmaxy=\dimen269
\pgf@xx=\dimen270
\pgf@xy=\dimen271
\pgf@yx=\dimen272
\pgf@yy=\dimen273
\pgf@zx=\dimen274
\pgf@zy=\dimen275
)
(/usr/local/texlive/2025/texmf-dist/tex/generic/pgf/basiclayer/pgfcorepathconst
ruct.code.tex
File: pgfcorepathconstruct.code.tex 2025-08-29 v3.1.11a (3.1.11a)
\pgf@path@lastx=\dimen276
\pgf@path@lasty=\dimen277
)
(/usr/local/texlive/2025/texmf-dist/tex/generic/pgf/basiclayer/pgfcorepathusage
.code.tex
File: pgfcorepathusage.code.tex 2025-08-29 v3.1.11a (3.1.11a)
\pgf@shorten@end@additional=\dimen278
\pgf@shorten@start@additional=\dimen279
)
(/usr/local/texlive/2025/texmf-dist/tex/generic/pgf/basiclayer/pgfcorescopes.co
de.tex
File: pgfcorescopes.code.tex 2025-08-29 v3.1.11a (3.1.11a)
\pgfpic=\box60
\pgf@hbox=\box61
\pgf@layerbox@main=\box62
\pgf@picture@serial@count=\count325
)
(/usr/local/texlive/2025/texmf-dist/tex/generic/pgf/basiclayer/pgfcoregraphicst
ate.code.tex
File: pgfcoregraphicstate.code.tex 2025-08-29 v3.1.11a (3.1.11a)
\pgflinewidth=\dimen280
)
(/usr/local/texlive/2025/texmf-dist/tex/generic/pgf/basiclayer/pgfcoretransform
ations.code.tex
File: pgfcoretransformations.code.tex 2025-08-29 v3.1.11a (3.1.11a)
\pgf@pt@x=\dimen281
\pgf@pt@y=\dimen282
\pgf@pt@temp=\dimen283
)
(/usr/local/texlive/2025/texmf-dist/tex/generic/pgf/basiclayer/pgfcorequick.cod
e.tex
File: pgfcorequick.code.tex 2025-08-29 v3.1.11a (3.1.11a)
)
(/usr/local/texlive/2025/texmf-dist/tex/generic/pgf/basiclayer/pgfcoreobjects.c
ode.tex
File: pgfcoreobjects.code.tex 2025-08-29 v3.1.11a (3.1.11a)
)
(/usr/local/texlive/2025/texmf-dist/tex/generic/pgf/basiclayer/pgfcorepathproce
ssing.code.tex
File: pgfcorepathprocessing.code.tex 2025-08-29 v3.1.11a (3.1.11a)
)
(/usr/local/texlive/2025/texmf-dist/tex/generic/pgf/basiclayer/pgfcorearrows.co
de.tex
File: pgfcorearrows.code.tex 2025-08-29 v3.1.11a (3.1.11a)
\pgfarrowsep=\dimen284
)
(/usr/local/texlive/2025/texmf-dist/tex/generic/pgf/basiclayer/pgfcoreshade.cod
e.tex
File: pgfcoreshade.code.tex 2025-08-29 v3.1.11a (3.1.11a)
\pgf@max=\dimen285
\pgf@sys@shading@range@num=\count326
\pgf@shadingcount=\count327
)
(/usr/local/texlive/2025/texmf-dist/tex/generic/pgf/basiclayer/pgfcoreimage.cod
e.tex
File: pgfcoreimage.code.tex 2025-08-29 v3.1.11a (3.1.11a)
)
(/usr/local/texlive/2025/texmf-dist/tex/generic/pgf/basiclayer/pgfcoreexternal.
code.tex
File: pgfcoreexternal.code.tex 2025-08-29 v3.1.11a (3.1.11a)
\pgfexternal@startupbox=\box63
)
(/usr/local/texlive/2025/texmf-dist/tex/generic/pgf/basiclayer/pgfcorelayers.co
de.tex
File: pgfcorelayers.code.tex 2025-08-29 v3.1.11a (3.1.11a)
)
(/usr/local/texlive/2025/texmf-dist/tex/generic/pgf/basiclayer/pgfcoretranspare
ncy.code.tex
File: pgfcoretransparency.code.tex 2025-08-29 v3.1.11a (3.1.11a)
)
(/usr/local/texlive/2025/texmf-dist/tex/generic/pgf/basiclayer/pgfcorepatterns.
code.tex
File: pgfcorepatterns.code.tex 2025-08-29 v3.1.11a (3.1.11a)
)
(/usr/local/texlive/2025/texmf-dist/tex/generic/pgf/basiclayer/pgfcorerdf.code.
tex
File: pgfcorerdf.code.tex 2025-08-29 v3.1.11a (3.1.11a)
)))
(/usr/local/texlive/2025/texmf-dist/tex/generic/pgf/modules/pgfmoduleshapes.cod
e.tex
File: pgfmoduleshapes.code.tex 2025-08-29 v3.1.11a (3.1.11a)
\pgfnodeparttextbox=\box64
)
(/usr/local/texlive/2025/texmf-dist/tex/generic/pgf/modules/pgfmoduleplot.code.
tex
File: pgfmoduleplot.code.tex 2025-08-29 v3.1.11a (3.1.11a)
)
(/usr/local/texlive/2025/texmf-dist/tex/latex/pgf/compatibility/pgfcomp-version
-0-65.sty
Package: pgfcomp-version-0-65 2025-08-29 v3.1.11a (3.1.11a)
\pgf@nodesepstart=\dimen286
\pgf@nodesepend=\dimen287
)
(/usr/local/texlive/2025/texmf-dist/tex/latex/pgf/compatibility/pgfcomp-version
-1-18.sty
Package: pgfcomp-version-1-18 2025-08-29 v3.1.11a (3.1.11a)
))
(/usr/local/texlive/2025/texmf-dist/tex/latex/pgf/utilities/pgffor.sty
(/usr/local/texlive/2025/texmf-dist/tex/latex/pgf/utilities/pgfkeys.sty
(/usr/local/texlive/2025/texmf-dist/tex/generic/pgf/utilities/pgfkeys.code.tex)
) (/usr/local/texlive/2025/texmf-dist/tex/latex/pgf/math/pgfmath.sty
(/usr/local/texlive/2025/texmf-dist/tex/generic/pgf/math/pgfmath.code.tex))
(/usr/local/texlive/2025/texmf-dist/tex/generic/pgf/utilities/pgffor.code.tex
Package: pgffor 2025-08-29 v3.1.11a (3.1.11a)
\pgffor@iter=\dimen288
\pgffor@skip=\dimen289
\pgffor@stack=\toks45
\pgffor@toks=\toks46
))
(/usr/local/texlive/2025/texmf-dist/tex/generic/pgf/frontendlayer/tikz/tikz.cod
e.tex
Package: tikz 2025-08-29 v3.1.11a (3.1.11a)

(/usr/local/texlive/2025/texmf-dist/tex/generic/pgf/libraries/pgflibraryplothan
dlers.code.tex
File: pgflibraryplothandlers.code.tex 2025-08-29 v3.1.11a (3.1.11a)
\pgf@plot@mark@count=\count328
\pgfplotmarksize=\dimen290
)
\tikz@lastx=\dimen291
\tikz@lasty=\dimen292
\tikz@lastxsaved=\dimen293
\tikz@lastysaved=\dimen294
\tikz@lastmovetox=\dimen295
\tikz@lastmovetoy=\dimen296
\tikzleveldistance=\dimen297
\tikzsiblingdistance=\dimen298
\tikz@figbox=\box65
\tikz@figbox@bg=\box66
\tikz@tempbox=\box67
\tikz@tempbox@bg=\box68
\tikztreelevel=\count329
\tikznumberofchildren=\count330
\tikznumberofcurrentchild=\count331
\tikz@fig@count=\count332

(/usr/local/texlive/2025/texmf-dist/tex/generic/pgf/modules/pgfmodulematrix.cod
e.tex
File: pgfmodulematrix.code.tex 2025-08-29 v3.1.11a (3.1.11a)
\pgfmatrixcurrentrow=\count333
\pgfmatrixcurrentcolumn=\count334
\pgf@matrix@numberofcolumns=\count335
)
\tikz@expandcount=\count336

(/usr/local/texlive/2025/texmf-dist/tex/generic/pgf/frontendlayer/tikz/librarie
s/tikzlibrarytopaths.code.tex
File: tikzlibrarytopaths.code.tex 2025-08-29 v3.1.11a (3.1.11a)
)))
(/usr/local/texlive/2025/texmf-dist/tex/generic/pgf/libraries/pgflibraryarrows.
meta.code.tex
File: pgflibraryarrows.meta.code.tex 2025-08-29 v3.1.11a (3.1.11a)
\pgfarrowinset=\dimen299
\pgfarrowlength=\dimen300
\pgfarrowwidth=\dimen301
\pgfarrowlinewidth=\dimen302
)
(/usr/local/texlive/2025/texmf-dist/tex/generic/pgf/frontendlayer/tikz/librarie
s/tikzlibraryshapes.code.tex
File: tikzlibraryshapes.code.tex 2025-08-29 v3.1.11a (3.1.11a)

(/usr/local/texlive/2025/texmf-dist/tex/generic/pgf/frontendlayer/tikz/librarie
s/tikzlibraryshapes.geometric.code.tex
File: tikzlibraryshapes.geometric.code.tex 2025-08-29 v3.1.11a (3.1.11a)

(/usr/local/texlive/2025/texmf-dist/tex/generic/pgf/libraries/shapes/pgflibrary
shapes.geometric.code.tex
File: pgflibraryshapes.geometric.code.tex 2025-08-29 v3.1.11a (3.1.11a)
))
(/usr/local/texlive/2025/texmf-dist/tex/generic/pgf/frontendlayer/tikz/librarie
s/tikzlibraryshapes.misc.code.tex
File: tikzlibraryshapes.misc.code.tex 2025-08-29 v3.1.11a (3.1.11a)

(/usr/local/texlive/2025/texmf-dist/tex/generic/pgf/libraries/shapes/pgflibrary
shapes.misc.code.tex
File: pgflibraryshapes.misc.code.tex 2025-08-29 v3.1.11a (3.1.11a)
))
(/usr/local/texlive/2025/texmf-dist/tex/generic/pgf/frontendlayer/tikz/librarie
s/tikzlibraryshapes.symbols.code.tex
File: tikzlibraryshapes.symbols.code.tex 2025-08-29 v3.1.11a (3.1.11a)

(/usr/local/texlive/2025/texmf-dist/tex/generic/pgf/libraries/shapes/pgflibrary
shapes.symbols.code.tex
File: pgflibraryshapes.symbols.code.tex 2025-08-29 v3.1.11a (3.1.11a)
))
(/usr/local/texlive/2025/texmf-dist/tex/generic/pgf/frontendlayer/tikz/librarie
s/tikzlibraryshapes.arrows.code.tex
File: tikzlibraryshapes.arrows.code.tex 2025-08-29 v3.1.11a (3.1.11a)

(/usr/local/texlive/2025/texmf-dist/tex/generic/pgf/libraries/shapes/pgflibrary
shapes.arrows.code.tex
File: pgflibraryshapes.arrows.code.tex 2025-08-29 v3.1.11a (3.1.11a)
))
(/usr/local/texlive/2025/texmf-dist/tex/generic/pgf/frontendlayer/tikz/librarie
s/tikzlibraryshapes.callouts.code.tex
(/usr/local/texlive/2025/texmf-dist/tex/generic/pgf/libraries/shapes/pgflibrary
shapes.callouts.code.tex))
(/usr/local/texlive/2025/texmf-dist/tex/generic/pgf/frontendlayer/tikz/librarie
s/tikzlibraryshapes.multipart.code.tex
File: tikzlibraryshapes.multipart.code.tex 2025-08-29 v3.1.11a (3.1.11a)

(/usr/local/texlive/2025/texmf-dist/tex/generic/pgf/libraries/shapes/pgflibrary
shapes.multipart.code.tex
File: pgflibraryshapes.multipart.code.tex 2025-08-29 v3.1.11a (3.1.11a)
\pgfnodepartlowerbox=\box69
\pgfnodeparttwobox=\box70
\pgfnodepartthreebox=\box71
\pgfnodepartfourbox=\box72
\pgfnodeparttwentybox=\box73
\pgfnodepartnineteenbox=\box74
\pgfnodeparteighteenbox=\box75
\pgfnodepartseventeenbox=\box76
\pgfnodepartsixteenbox=\box77
\pgfnodepartfifteenbox=\box78
\pgfnodepartfourteenbox=\box79
\pgfnodepartthirteenbox=\box80
\pgfnodeparttwelvebox=\box81
\pgfnodepartelevenbox=\box82
\pgfnodeparttenbox=\box83
\pgfnodepartninebox=\box84
\pgfnodeparteightbox=\box85
\pgfnodepartsevenbox=\box86
\pgfnodepartsixbox=\box87
\pgfnodepartfivebox=\box88
)))
(/usr/local/texlive/2025/texmf-dist/tex/generic/pgf/frontendlayer/tikz/librarie
s/tikzlibrarypositioning.code.tex
File: tikzlibrarypositioning.code.tex 2025-08-29 v3.1.11a (3.1.11a)
)
\c@definition=\count337
\c@proposition=\count338
\c@theorem=\count339
\c@principle=\count340

(/usr/local/texlive/2025/texmf-dist/tex/latex/l3backend/l3backend-pdftex.def
File: l3backend-pdftex.def 2025-10-09 L3 backend support: PDF output (pdfTeX)
\l__color_backend_stack_int=\count341
)
(./·Ñå·Ö°·ÑÄ·Öµ·ÑÉ·Ö©·Ñé·ÖÆ·ÜØ·Ñã·Ö¥ ·Ñê·Ö≥·ÑÖ·Öµ·ÜØ·ÑÖ·Ö¶·ÑÜ·Ö°.aux)
\openout1 = `"·Ñå·Ö°·ÑÄ·Öµ·ÑÉ·Ö©·Ñé·ÖÆ·ÜØ·Ñã·Ö¥ ·Ñê·Ö≥·ÑÖ·Öµ·ÜØ·ÑÖ·Ö¶·ÑÜ·Ö°.aux
"'.

LaTeX Font Info:    Checking defaults for OML/cmm/m/it on input line 39.
LaTeX Font Info:    ... okay on input line 39.
LaTeX Font Info:    Checking defaults for OMS/cmsy/m/n on input line 39.
LaTeX Font Info:    ... okay on input line 39.
LaTeX Font Info:    Checking defaults for OT1/cmr/m/n on input line 39.
LaTeX Font Info:    ... okay on input line 39.
LaTeX Font Info:    Checking defaults for T1/cmr/m/n on input line 39.
LaTeX Font Info:    ... okay on input line 39.
LaTeX Font Info:    Checking defaults for TS1/cmr/m/n on input line 39.
LaTeX Font Info:    ... okay on input line 39.
LaTeX Font Info:    Checking defaults for OMX/cmex/m/n on input line 39.
LaTeX Font Info:    ... okay on input line 39.
LaTeX Font Info:    Checking defaults for U/cmr/m/n on input line 39.
LaTeX Font Info:    ... okay on input line 39.
LaTeX Font Info:    Checking defaults for LUC/nanummj/m/n on input line 39.
LaTeX Font Info:    Trying to load font information for LUC+nanummj on input li
ne 39.

(/usr/local/texlive/2025/texmf-dist/tex/latex/nanumtype1/lucnanummj.fd
File: lucnanummj.fd 2013/02/12 v0.1 Nanum Myeongjo font definitions
)
LaTeX Font Info:    ... okay on input line 39.
LaTeX Font Info:    Checking defaults for PD1/pdf/m/n on input line 39.
LaTeX Font Info:    ... okay on input line 39.
LaTeX Font Info:    Checking defaults for PU/pdf/m/n on input line 39.
LaTeX Font Info:    ... okay on input line 39.

*geometry* driver: auto-detecting
*geometry* detected driver: pdftex
*geometry* verbose mode - [ preamble ] result:
* driver: pdftex
* paper: a4paper
* layout: <same size as paper>
* layoutoffset:(h,v)=(0.0pt,0.0pt)
* modes: 
* h-part:(L,W,R)=(71.13188pt, 455.24411pt, 71.13188pt)
* v-part:(T,H,B)=(71.13188pt, 702.78308pt, 71.13188pt)
* \paperwidth=597.50787pt
* \paperheight=845.04684pt
* \textwidth=455.24411pt
* \textheight=702.78308pt
* \oddsidemargin=-1.1381pt
* \evensidemargin=-1.1381pt
* \topmargin=-38.1381pt
* \headheight=12.0pt
* \headsep=25.0pt
* \topskip=12.0pt
* \footskip=30.0pt
* \marginparwidth=35.0pt
* \marginparsep=10.0pt
* \columnsep=10.0pt
* \skip\footins=10.8pt plus 4.0pt minus 2.0pt
* \hoffset=0.0pt
* \voffset=0.0pt
* \mag=1000
* \@twocolumnfalse
* \@twosidefalse
* \@mparswitchfalse
* \@reversemarginfalse
* (1in=72.27pt=25.4mm, 1cm=28.453pt)

(/usr/local/texlive/2025/texmf-dist/tex/context/base/mkii/supp-pdf.mkii
[Loading MPS to PDF converter (version 2006.09.02).]
\scratchcounter=\count342
\scratchdimen=\dimen303
\scratchbox=\box89
\nofMPsegments=\count343
\nofMParguments=\count344
\everyMPshowfont=\toks47
\MPscratchCnt=\count345
\MPscratchDim=\dimen304
\MPnumerator=\count346
\makeMPintoPDFobject=\count347
\everyMPtoPDFconversion=\toks48
) (/usr/local/texlive/2025/texmf-dist/tex/latex/epstopdf-pkg/epstopdf-base.sty
Package: epstopdf-base 2020-01-24 v2.11 Base part for package epstopdf
Package epstopdf-base Info: Redefining graphics rule for `.eps' on input line 4
85.

(/usr/local/texlive/2025/texmf-dist/tex/latex/latexconfig/epstopdf-sys.cfg
File: epstopdf-sys.cfg 2010/07/13 v1.3 Configuration of (r)epstopdf for TeX Liv
e
))
Package hyperref Info: Link coloring OFF on input line 39.

(./·Ñå·Ö°·ÑÄ·Öµ·ÑÉ·Ö©·Ñé·ÖÆ·ÜØ·Ñã·Ö¥ ·Ñê·Ö≥·ÑÖ·Öµ·ÜØ·ÑÖ·Ö¶·ÑÜ·Ö°.out)
(./·Ñå·Ö°·ÑÄ·Öµ·ÑÉ·Ö©·Ñé·ÖÆ·ÜØ·Ñã·Ö¥ ·Ñê·Ö≥·ÑÖ·Öµ·ÜØ·ÑÖ·Ö¶·ÑÜ·Ö°.out)
\@outlinefile=\write4
\openout4 = `"·Ñå·Ö°·ÑÄ·Öµ·ÑÉ·Ö©·Ñé·ÖÆ·ÜØ·Ñã·Ö¥ ·Ñê·Ö≥·ÑÖ·Öµ·ÜØ·ÑÖ·Ö¶·ÑÜ·Ö°.out
"'.

LaTeX Font Info:    Trying to load font information for U+msa on input line 42.


(/usr/local/texlive/2025/texmf-dist/tex/latex/amsfonts/umsa.fd
File: umsa.fd 2013/01/14 v3.01 AMS symbols A
)
LaTeX Font Info:    Trying to load font information for U+msb on input line 42.


(/usr/local/texlive/2025/texmf-dist/tex/latex/amsfonts/umsb.fd
File: umsb.fd 2013/01/14 v3.01 AMS symbols B
) [1

{/usr/local/texlive/2025/texmf-var/fonts/map/pdftex/updmap/pdftex.map}{/usr/loc
al/texlive/2025/texmf-dist/fonts/enc/dvips/cm-super/cm-super-t1.enc}]
(./·Ñå·Ö°·ÑÄ·Öµ·ÑÉ·Ö©·Ñé·ÖÆ·ÜØ·Ñã·Ö¥ ·Ñê·Ö≥·ÑÖ·Öµ·ÜØ·ÑÖ·Ö¶·ÑÜ·Ö°.toc [2])
\tf@toc=\write5
\openout5 = `"·Ñå·Ö°·ÑÄ·Öµ·ÑÉ·Ö©·Ñé·ÖÆ·ÜØ·Ñã·Ö¥ ·Ñê·Ö≥·ÑÖ·Öµ·ÜØ·ÑÖ·Ö¶·ÑÜ·Ö°.toc
"'.


[3]
LaTeX Font Info:    Font shape `LUC/nanummj/m/it' in size <12> not available
(Font)              Font shape `LUC/nanummj/m/sl' tried instead on input line 7
1.
 [4] [5] [6{/usr/local/texlive/2025/texmf-dist/fonts/enc/dvips/cm-super/cm-supe
r-ts1.enc}]

Package hyperref Warning: Token not allowed in a PDF string (Unicode):
(hyperref)                removing `math shift' on input line 176.


Package hyperref Warning: Token not allowed in a PDF string (Unicode):
(hyperref)                removing `subscript' on input line 176.


Package hyperref Warning: Token not allowed in a PDF string (Unicode):
(hyperref)                removing `math shift' on input line 176.


Package hyperref Warning: Token not allowed in a PDF string (Unicode):
(hyperref)                removing `math shift' on input line 176.


Package hyperref Warning: Token not allowed in a PDF string (Unicode):
(hyperref)                removing `subscript' on input line 176.


Package hyperref Warning: Token not allowed in a PDF string (Unicode):
(hyperref)                removing `math shift' on input line 176.

[7] [8]
Overfull \hbox (10.52536pt too wide) in paragraph at lines 245--246
\LUC/nanummj/m/n/12/d5 \\LUC/nanummj/m/n/12/b2 ‰\T1/cmr/m/n/12 . \LUC/nanummj/m
/n/12/c7 t\LUC/nanummj/m/n/12/ac É\LUC/nanummj/m/n/12/c7 @ t\LUC/nanummj/m/n/12
/b8 `\LUC/nanummj/m/n/12/c7 D \LUC/nanummj/m/sl/12 ù\LUC/nanummj/m/sl/12 Ö\LUC/
nanummj/m/n/12/d5 X\LUC/nanummj/m/n/12/c9 ¿ \LUC/nanummj/m/n/12/c5 J\LUC/nanumm
j/m/n/12/ac ‡ \LUC/nanummj/m/sl/12 ¿¿\LUC/nanummj/m/n/12/d5 \\LUC/nanummj/m/n/1
2/b2 ‰\T1/cmr/m/n/12 . \LUC/nanummj/m/n/12/bc ¯ \LUC/nanummj/m/n/12/b1 |\LUC/na
nummj/m/n/12/bb 8\LUC/nanummj/m/n/12/c7 @ t\LUC/nanummj/m/n/12/ac É\LUC/nanummj
/m/n/12/c7 D \LUC/nanummj/bx/n/12/c9 ^^@\T1/cmr/bx/n/12 -\LUC/nanummj/bx/n/12/c
8 ^^U\LUC/nanummj/bx/n/12/b2 ˘\LUC/nanummj/bx/n/12/d6 T\T1/cmr/m/n/12 (quasi-ju
stification)
 []

[9] [10] [11]
LaTeX Font Info:    Trying to load font information for LUC+uhcmj on input line
 390.

(/usr/local/texlive/2025/texmf-dist/tex/latex/kotex-utf/lucuhcmj.fd
File: lucuhcmj.fd 2013/09/26 UHC Myeongjo font definitions
)
./·Ñå·Ö°·ÑÄ·Öµ·ÑÉ·Ö©·Ñé·ÖÆ·ÜØ·Ñã·Ö¥ ·Ñê·Ö≥·ÑÖ·Öµ·ÜØ·ÑÖ·Ö¶·ÑÜ·Ö°.tex:412: Font L
UC/uhcmj/m/n/12/06=uwmj06 at 12.0pt not loadable: Metric (TFM) file not found.
<to be read again> 
                   relax 
l.412 ...Ïã†Ïùò ÎßêÏîÄ ÏûêÏ≤¥''(ÏπºÎûå ÏïåÎùº, ŸÉŸ
                                                  ÑÿßŸÖ ÿßŸÑŸÑŸá)Îã§. Ï∞ΩÏ°∞...

? 
Missing character: There is no C in font nullfont!
Missing character: There is no D in font nullfont!
Missing character: There is no ' in font nullfont!
Missing character: There is no E in font nullfont!
Missing character: There is no ' in font nullfont!
Missing character: There is no D in font nullfont!
Missing character: There is no D in font nullfont!
Missing character: There is no G in font nullfont!
[12]
LaTeX Font Info:    Font shape `LUC/nanummj/m/it' in size <10> not available
(Font)              Font shape `LUC/nanummj/m/sl' tried instead on input line 4
38.

Overfull \hbox (0.41298pt too wide) in paragraph at lines 443--444
\LUC/nanummj/m/n/12/c7 ê\LUC/nanummj/m/n/12/ae 0\LUC/nanummj/m/n/12/b3 ƒ\LUC/na
nummj/m/n/12/cd ú \LUC/nanummj/m/n/12/c2 §\LUC/nanummj/m/n/12/d3 ô\LUC/nanummj/
m/n/12/d2 ∏\LUC/nanummj/m/n/12/b7 ¸\LUC/nanummj/m/n/12/c7 X \LUC/nanummj/m/n/12
/ad ˘\LUC/nanummj/m/n/12/b2 Ë\LUC/nanummj/m/n/12/c5 –\LUC/nanummj/m/n/12/b2 î \
LUC/nanummj/m/n/12/c0 ¨\LUC/nanummj/m/n/12/c7 t\LUC/nanummj/m/n/12/be D \LUC/na
nummj/m/n/12/c8 Ö\LUC/nanummj/m/n/12/ad P\LUC/nanummj/m/n/12/ac ^^@ \LUC/nanumm
j/m/n/12/c7 ^^D\LUC/nanummj/m/n/12/ce X\LUC/nanummj/m/n/12/d5 \\LUC/nanummj/m/n
/12/b2 ‰\T1/cmr/m/n/12 . \LUC/nanummj/m/n/12/c7 t\LUC/nanummj/m/n/12/b4 ‰\LUC/n
anummj/m/n/12/c7 @ ê\LUC/nanummj/m/n/12/ae 0\LUC/nanummj/m/n/12/b3 ƒ\LUC/nanumm
j/m/n/12/cd ú\LUC/nanummj/m/n/12/c7 X \LUC/nanummj/m/n/12/cc )\LUC/nanummj/m/n/
12/c9 ¿\LUC/nanummj/m/n/12/c8 ^^P\T1/cmr/m/n/12 ($\OML/cmm/m/it/12 M[]$\T1/cmr/
m/n/12 )
 []

[13] [14] [15]

Package hyperref Warning: Token not allowed in a PDF string (Unicode):
(hyperref)                removing `math shift' on input line 576.


Package hyperref Warning: Token not allowed in a PDF string (Unicode):
(hyperref)                removing `subscript' on input line 576.


Package hyperref Warning: Token not allowed in a PDF string (Unicode):
(hyperref)                removing `math shift' on input line 576.


Package hyperref Warning: Token not allowed in a PDF string (Unicode):
(hyperref)                removing `math shift' on input line 601.


Package hyperref Warning: Token not allowed in a PDF string (Unicode):
(hyperref)                removing `subscript' on input line 601.


Package hyperref Warning: Token not allowed in a PDF string (Unicode):
(hyperref)                removing `math shift' on input line 601.


Package hyperref Warning: Token not allowed in a PDF string (Unicode):
(hyperref)                removing `math shift' on input line 616.


Package hyperref Warning: Token not allowed in a PDF string (Unicode):
(hyperref)                removing `subscript' on input line 616.


Package hyperref Warning: Token not allowed in a PDF string (Unicode):
(hyperref)                removing `math shift' on input line 616.

[16]

Package hyperref Warning: Token not allowed in a PDF string (Unicode):
(hyperref)                removing `math shift' on input line 641.


Package hyperref Warning: Token not allowed in a PDF string (Unicode):
(hyperref)                removing `subscript' on input line 641.


Package hyperref Warning: Token not allowed in a PDF string (Unicode):
(hyperref)                removing `math shift' on input line 641.

[17]
Overfull \hbox (34.34834pt too wide) in paragraph at lines 666--685
 [][] 
 []

[18] [19]
LaTeX Font Info:    Font shape `LUC/nanummj/bx/it' in size <12> not available
(Font)              Font shape `LUC/nanummj/bx/sl' tried instead on input line 
801.


LaTeX Warning: `h' float specifier changed to `ht'.

[20] [21] [22] [23] [24] [25]
(./·Ñå·Ö°·ÑÄ·Öµ·ÑÉ·Ö©·Ñé·ÖÆ·ÜØ·Ñã·Ö¥ ·Ñê·Ö≥·ÑÖ·Öµ·ÜØ·ÑÖ·Ö¶·ÑÜ·Ö°.aux)
 ***********
LaTeX2e <2025-11-01>
L3 programming layer <2025-11-14>
 ***********
Package rerunfilecheck Info: File `"·Ñå·Ö°·ÑÄ·Öµ·ÑÉ·Ö©·Ñé·ÖÆ·ÜØ·Ñã·Ö¥ ·Ñê·Ö≥·ÑÖ
·Öµ·ÜØ·ÑÖ·Ö¶·ÑÜ·Ö°".out' has not changed.
(rerunfilecheck)             Checksum: 29699EC7E5675B7694C39A38468E3B9F;8264.
 ) 
Here is how much of TeX's memory you used:
 24974 strings out of 467538
 479796 string characters out of 5419545
 899511 words of memory out of 5000000
 53134 multiletter control sequences out of 15000+600000
 772798 words of font info for 477 fonts, out of 8000000 for 9000
 1141 hyphenation exceptions out of 8191
 84i,13n,94p,884b,826s stack positions out of 10000i,1000n,20000p,200000b,200000s
</usr/local/texlive/2025/texmf-dist/fonts/type1/public/amsfonts/cm/cmmi10.pfb
></usr/local/texlive/2025/texmf-dist/fonts/type1/public/amsfonts/cm/cmmi12.pfb>
</usr/local/texlive/2025/texmf-dist/fonts/type1/public/amsfonts/cm/cmmi8.pfb></
usr/local/texlive/2025/texmf-dist/fonts/type1/public/amsfonts/cm/cmr10.pfb></us
r/local/texlive/2025/texmf-dist/fonts/type1/public/amsfonts/cm/cmr12.pfb></usr/
local/texlive/2025/texmf-dist/fonts/type1/public/amsfonts/cm/cmsy10.pfb></usr/l
ocal/texlive/2025/texmf-dist/fonts/type1/public/amsfonts/cm/cmsy8.pfb></usr/loc
al/texlive/2025/texmf-dist/fonts/type1/public/amsfonts/symbols/msam10.pfb></usr
/local/texlive/2025/texmf-dist/fonts/type1/public/nanumtype1/nanummjbac.pfb></u
sr/local/texlive/2025/texmf-dist/fonts/type1/public/nanumtype1/nanummjbad.pfb><
/usr/local/texlive/2025/texmf-dist/fonts/type1/public/nanumtype1/nanummjbae.pfb
></usr/local/texlive/2025/texmf-dist/fonts/type1/public/nanumtype1/nanummjbae.p
fb></usr/local/texlive/2025/texmf-dist/fonts/type1/public/nanumtype1/nanummjbaf
.pfb></usr/local/texlive/2025/texmf-dist/fonts/type1/public/nanumtype1/nanummjb
b0.pfb></usr/local/texlive/2025/texmf-dist/fonts/type1/public/nanumtype1/nanumm
jbb1.pfb></usr/local/texlive/2025/texmf-dist/fonts/type1/public/nanumtype1/nanu
mmjbb2.pfb></usr/local/texlive/2025/texmf-dist/fonts/type1/public/nanumtype1/na
nummjbb2.pfb></usr/local/texlive/2025/texmf-dist/fonts/type1/public/nanumtype1/
nanummjbb3.pfb></usr/local/texlive/2025/texmf-dist/fonts/type1/public/nanumtype
1/nanummjbb3.pfb></usr/local/texlive/2025/texmf-dist/fonts/type1/public/nanumty
pe1/nanummjbb4.pfb></usr/local/texlive/2025/texmf-dist/fonts/type1/public/nanum
type1/nanummjbb5.pfb></usr/local/texlive/2025/texmf-dist/fonts/type1/public/nan
umtype1/nanummjbb7.pfb></usr/local/texlive/2025/texmf-dist/fonts/type1/public/n
anumtype1/nanummjbb8.pfb></usr/local/texlive/2025/texmf-dist/fonts/type1/public
/nanumtype1/nanummjbb9.pfb></usr/local/texlive/2025/texmf-dist/fonts/type1/publ
ic/nanumtype1/nanummjbb9.pfb></usr/local/texlive/2025/texmf-dist/fonts/type1/pu
blic/nanumtype1/nanummjbba.pfb></usr/local/texlive/2025/texmf-dist/fonts/type1/
public/nanumtype1/nanummjbba.pfb></usr/local/texlive/2025/texmf-dist/fonts/type
1/public/nanumtype1/nanummjbbb.pfb></usr/local/texlive/2025/texmf-dist/fonts/ty
pe1/public/nanumtype1/nanummjbbc.pfb></usr/local/texlive/2025/texmf-dist/fonts/
type1/public/nanumtype1/nanummjbbd.pfb></usr/local/texlive/2025/texmf-dist/font
s/type1/public/nanumtype1/nanummjbbd.pfb></usr/local/texlive/2025/texmf-dist/fo
nts/type1/public/nanumtype1/nanummjbbe.pfb></usr/local/texlive/2025/texmf-dist/
fonts/type1/public/nanumtype1/nanummjbc0.pfb></usr/local/texlive/2025/texmf-dis
t/fonts/type1/public/nanumtype1/nanummjbc1.pfb></usr/local/texlive/2025/texmf-d
ist/fonts/type1/public/nanumtype1/nanummjbc1.pfb></usr/local/texlive/2025/texmf
-dist/fonts/type1/public/nanumtype1/nanummjbc2.pfb></usr/local/texlive/2025/tex
mf-dist/fonts/type1/public/nanumtype1/nanummjbc2.pfb></usr/local/texlive/2025/t
exmf-dist/fonts/type1/public/nanumtype1/nanummjbc5.pfb></usr/local/texlive/2025
/texmf-dist/fonts/type1/public/nanumtype1/nanummjbc6.pfb></usr/local/texlive/20
25/texmf-dist/fonts/type1/public/nanumtype1/nanummjbc6.pfb></usr/local/texlive/
2025/texmf-dist/fonts/type1/public/nanumtype1/nanummjbc7.pfb></usr/local/texliv
e/2025/texmf-dist/fonts/type1/public/nanumtype1/nanummjbc7.pfb></usr/local/texl
ive/2025/texmf-dist/fonts/type1/public/nanumtype1/nanummjbc8.pfb></usr/local/te
xlive/2025/texmf-dist/fonts/type1/public/nanumtype1/nanummjbc9.pfb></usr/local/
texlive/2025/texmf-dist/fonts/type1/public/nanumtype1/nanummjbcc.pfb></usr/loca
l/texlive/2025/texmf-dist/fonts/type1/public/nanumtype1/nanummjbcd.pfb></usr/lo
cal/texlive/2025/texmf-dist/fonts/type1/public/nanumtype1/nanummjbcd.pfb></usr/
local/texlive/2025/texmf-dist/fonts/type1/public/nanumtype1/nanummjbce.pfb></us
r/local/texlive/2025/texmf-dist/fonts/type1/public/nanumtype1/nanummjbcf.pfb></
usr/local/texlive/2025/texmf-dist/fonts/type1/public/nanumtype1/nanummjbd0.pfb>
</usr/local/texlive/2025/texmf-dist/fonts/type1/public/nanumtype1/nanummjbd1.pf
b></usr/local/texlive/2025/texmf-dist/fonts/type1/public/nanumtype1/nanummjbd2.
pfb></usr/local/texlive/2025/texmf-dist/fonts/type1/public/nanumtype1/nanummjbd
3.pfb></usr/local/texlive/2025/texmf-dist/fonts/type1/public/nanumtype1/nanummj
bd4.pfb></usr/local/texlive/2025/texmf-dist/fonts/type1/public/nanumtype1/nanum
mjbd5.pfb></usr/local/texlive/2025/texmf-dist/fonts/type1/public/nanumtype1/nan
ummjbd6.pfb></usr/local/texlive/2025/texmf-dist/fonts/type1/public/nanumtype1/n
anummjmac.pfb></usr/local/texlive/2025/texmf-dist/fonts/type1/public/nanumtype1
/nanummjmac.pfb></usr/local/texlive/2025/texmf-dist/fonts/type1/public/nanumtyp
e1/nanummjmad.pfb></usr/local/texlive/2025/texmf-dist/fonts/type1/public/nanumt
ype1/nanummjmad.pfb></usr/local/texlive/2025/texmf-dist/fonts/type1/public/nanu
mtype1/nanummjmae.pfb></usr/local/texlive/2025/texmf-dist/fonts/type1/public/na
numtype1/nanummjmae.pfb></usr/local/texlive/2025/texmf-dist/fonts/type1/public/
nanumtype1/nanummjmb0.pfb></usr/local/texlive/2025/texmf-dist/fonts/type1/publi
c/nanumtype1/nanummjmb0.pfb></usr/local/texlive/2025/texmf-dist/fonts/type1/pub
lic/nanumtype1/nanummjmb1.pfb></usr/local/texlive/2025/texmf-dist/fonts/type1/p
ublic/nanumtype1/nanummjmb1.pfb></usr/local/texlive/2025/texmf-dist/fonts/type1
/public/nanumtype1/nanummjmb2.pfb></usr/local/texlive/2025/texmf-dist/fonts/typ
e1/public/nanumtype1/nanummjmb2.pfb></usr/local/texlive/2025/texmf-dist/fonts/t
ype1/public/nanumtype1/nanummjmb3.pfb></usr/local/texlive/2025/texmf-dist/fonts
/type1/public/nanumtype1/nanummjmb3.pfb></usr/local/texlive/2025/texmf-dist/fon
ts/type1/public/nanumtype1/nanummjmb4.pfb></usr/local/texlive/2025/texmf-dist/f
onts/type1/public/nanumtype1/nanummjmb4.pfb></usr/local/texlive/2025/texmf-dist
/fonts/type1/public/nanumtype1/nanummjmb5.pfb></usr/local/texlive/2025/texmf-di
st/fonts/type1/public/nanumtype1/nanummjmb5.pfb></usr/local/texlive/2025/texmf-
dist/fonts/type1/public/nanumtype1/nanummjmb6.pfb></usr/local/texlive/2025/texm
f-dist/fonts/type1/public/nanumtype1/nanummjmb7.pfb></usr/local/texlive/2025/te
xmf-dist/fonts/type1/public/nanumtype1/nanummjmb7.pfb></usr/local/texlive/2025/
texmf-dist/fonts/type1/public/nanumtype1/nanummjmb8.pfb></usr/local/texlive/202
5/texmf-dist/fonts/type1/public/nanumtype1/nanummjmb8.pfb></usr/local/texlive/2
025/texmf-dist/fonts/type1/public/nanumtype1/nanummjmb9.pfb></usr/local/texlive
/2025/texmf-dist/fonts/type1/public/nanumtype1/nanummjmb9.pfb></usr/local/texli
ve/2025/texmf-dist/fonts/type1/public/nanumtype1/nanummjmba.pfb></usr/local/tex
live/2025/texmf-dist/fonts/type1/public/nanumtype1/nanummjmba.pfb></usr/local/t
exlive/2025/texmf-dist/fonts/type1/public/nanumtype1/nanummjmbb.pfb></usr/local
/texlive/2025/texmf-dist/fonts/type1/public/nanumtype1/nanummjmbb.pfb></usr/loc
al/texlive/2025/texmf-dist/fonts/type1/public/nanumtype1/nanummjmbc.pfb></usr/l
ocal/texlive/2025/texmf-dist/fonts/type1/public/nanumtype1/nanummjmbc.pfb></usr
/local/texlive/2025/texmf-dist/fonts/type1/public/nanumtype1/nanummjmbd.pfb></u
sr/local/texlive/2025/texmf-dist/fonts/type1/public/nanumtype1/nanummjmbd.pfb><
/usr/local/texlive/2025/texmf-dist/fonts/type1/public/nanumtype1/nanummjmbe.pfb
></usr/local/texlive/2025/texmf-dist/fonts/type1/public/nanumtype1/nanummjmbf.p
fb></usr/local/texlive/2025/texmf-dist/fonts/type1/public/nanumtype1/nanummjmc0
.pfb></usr/local/texlive/2025/texmf-dist/fonts/type1/public/nanumtype1/nanummjm
c0.pfb></usr/local/texlive/2025/texmf-dist/fonts/type1/public/nanumtype1/nanumm
jmc1.pfb></usr/local/texlive/2025/texmf-dist/fonts/type1/public/nanumtype1/nanu
mmjmc1.pfb></usr/local/texlive/2025/texmf-dist/fonts/type1/public/nanumtype1/na
nummjmc2.pfb></usr/local/texlive/2025/texmf-dist/fonts/type1/public/nanumtype1/
nanummjmc2.pfb></usr/local/texlive/2025/texmf-dist/fonts/type1/public/nanumtype
1/nanummjmc3.pfb></usr/local/texlive/2025/texmf-dist/fonts/type1/public/nanumty
pe1/nanummjmc4.pfb></usr/local/texlive/2025/texmf-dist/fonts/type1/public/nanum
type1/nanummjmc5.pfb></usr/local/texlive/2025/texmf-dist/fonts/type1/public/nan
umtype1/nanummjmc5.pfb></usr/local/texlive/2025/texmf-dist/fonts/type1/public/n
anumtype1/nanummjmc6.pfb></usr/local/texlive/2025/texmf-dist/fonts/type1/public
/nanumtype1/nanummjmc6.pfb></usr/local/texlive/2025/texmf-dist/fonts/type1/publ
ic/nanumtype1/nanummjmc7.pfb></usr/local/texlive/2025/texmf-dist/fonts/type1/pu
blic/nanumtype1/nanummjmc7.pfb></usr/local/texlive/2025/texmf-dist/fonts/type1/
public/nanumtype1/nanummjmc8.pfb></usr/local/texlive/2025/texmf-dist/fonts/type
1/public/nanumtype1/nanummjmc8.pfb></usr/local/texlive/2025/texmf-dist/fonts/ty
pe1/public/nanumtype1/nanummjmc9.pfb></usr/local/texlive/2025/texmf-dist/fonts/
type1/public/nanumtype1/nanummjmc9.pfb></usr/local/texlive/2025/texmf-dist/font
s/type1/public/nanumtype1/nanummjmcc.pfb></usr/local/texlive/2025/texmf-dist/fo
nts/type1/public/nanumtype1/nanummjmcc.pfb></usr/local/texlive/2025/texmf-dist/
fonts/type1/public/nanumtype1/nanummjmcd.pfb></usr/local/texlive/2025/texmf-dis
t/fonts/type1/public/nanumtype1/nanummjmcd.pfb></usr/local/texlive/2025/texmf-d
ist/fonts/type1/public/nanumtype1/nanummjmce.pfb></usr/local/texlive/2025/texmf
-dist/fonts/type1/public/nanumtype1/nanummjmce.pfb></usr/local/texlive/2025/tex
mf-dist/fonts/type1/public/nanumtype1/nanummjmcf.pfb></usr/local/texlive/2025/t
exmf-dist/fonts/type1/public/nanumtype1/nanummjmd0.pfb></usr/local/texlive/2025
/texmf-dist/fonts/type1/public/nanumtype1/nanummjmd1.pfb></usr/local/texlive/20
25/texmf-dist/fonts/type1/public/nanumtype1/nanummjmd1.pfb></usr/local/texlive/
2025/texmf-dist/fonts/type1/public/nanumtype1/nanummjmd2.pfb></usr/local/texliv
e/2025/texmf-dist/fonts/type1/public/nanumtype1/nanummjmd3.pfb></usr/local/texl
ive/2025/texmf-dist/fonts/type1/public/nanumtype1/nanummjmd3.pfb></usr/local/te
xlive/2025/texmf-dist/fonts/type1/public/nanumtype1/nanummjmd4.pfb></usr/local/
texlive/2025/texmf-dist/fonts/type1/public/nanumtype1/nanummjmd4.pfb></usr/loca
l/texlive/2025/texmf-dist/fonts/type1/public/nanumtype1/nanummjmd5.pfb></usr/lo
cal/texlive/2025/texmf-dist/fonts/type1/public/nanumtype1/nanummjmd5.pfb></usr/
local/texlive/2025/texmf-dist/fonts/type1/public/nanumtype1/nanummjmd6.pfb></us
r/local/texlive/2025/texmf-dist/fonts/type1/public/nanumtype1/nanummjmd6.pfb></
usr/local/texlive/2025/texmf-dist/fonts/type1/public/nanumtype1/nanummjmd7.pfb>
</usr/local/texlive/2025/texmf-dist/fonts/type1/public/cm-super/sfbx0800.pfb></
usr/local/texlive/2025/texmf-dist/fonts/type1/public/cm-super/sfbx1000.pfb></us
r/local/texlive/2025/texmf-dist/fonts/type1/public/cm-super/sfbx1095.pfb></usr/
local/texlive/2025/texmf-dist/fonts/type1/public/cm-super/sfbx1200.pfb></usr/lo
cal/texlive/2025/texmf-dist/fonts/type1/public/cm-super/sfbx1440.pfb></usr/loca
l/texlive/2025/texmf-dist/fonts/type1/public/cm-super/sfbx1728.pfb></usr/local/
texlive/2025/texmf-dist/fonts/type1/public/cm-super/sfrm0700.pfb></usr/local/te
xlive/2025/texmf-dist/fonts/type1/public/cm-super/sfrm0800.pfb></usr/local/texl
ive/2025/texmf-dist/fonts/type1/public/cm-super/sfrm1000.pfb></usr/local/texliv
e/2025/texmf-dist/fonts/type1/public/cm-super/sfrm1095.pfb></usr/local/texlive/
2025/texmf-dist/fonts/type1/public/cm-super/sfrm1200.pfb></usr/local/texlive/20
25/texmf-dist/fonts/type1/public/cm-super/sfrm1440.pfb></usr/local/texlive/2025
/texmf-dist/fonts/type1/public/cm-super/sfti0800.pfb></usr/local/texlive/2025/t
exmf-dist/fonts/type1/public/cm-super/sfti1000.pfb></usr/local/texlive/2025/tex
mf-dist/fonts/type1/public/cm-super/sfti1200.pfb></usr/local/texlive/2025/texmf
-dist/fonts/type1/uhc/umj/umj20.pfb></usr/local/texlive/2025/texmf-dist/fonts/t
ype1/uhc/umj/umj21.pfb></usr/local/texlive/2025/texmf-dist/fonts/type1/uhc/umj/
umj32.pfb>
Output written on "·Ñå·Ö°·ÑÄ·Öµ·ÑÉ·Ö©·Ñé·ÖÆ·ÜØ·Ñã·Ö¥ ·Ñê·Ö≥·ÑÖ·Öµ·ÜØ·ÑÖ·Ö¶·ÑÜ·Ö
°.pdf" (25 pages, 6008209 bytes).
PDF statistics:
 1217 PDF objects out of 1440 (max. 8388607)
 886 compressed objects within 9 object streams
 131 named destinations out of 1000 (max. 500000)
 445 words of extra memory for PDF output out of 10000 (max. 10000000)

